app/build/intermediates/manifest_merge_blame_file/debug/processDebugMainManifest/manifest-merger-blame-debug-report.txt
1<?xml version="1.0" encoding="utf-8"?>
2<manifest xmlns:android="http://schemas.android.com/apk/res/android"
3    package="com.armyknife.tools"
4    android:versionCode="1"
5    android:versionName="1.0" >
6
7    <uses-sdk
8        android:minSdkVersion="26"
9        android:targetSdkVersion="34" />
10
11    <!-- Sensor Permissions -->
12    <uses-feature
12-->src/main/AndroidManifest.xml:5:5-99
13        android:name="android.hardware.sensor.accelerometer"
13-->src/main/AndroidManifest.xml:5:19-71
14        android:required="false" />
14-->src/main/AndroidManifest.xml:5:72-96
15    <uses-feature
15-->src/main/AndroidManifest.xml:6:5-100
16        android:name="android.hardware.sensor.magnetic_field"
16-->src/main/AndroidManifest.xml:6:19-72
17        android:required="false" />
17-->src/main/AndroidManifest.xml:6:73-97
18    <uses-feature
18-->src/main/AndroidManifest.xml:7:5-91
19        android:name="android.hardware.sensor.light"
19-->src/main/AndroidManifest.xml:7:19-63
20        android:required="false" />
20-->src/main/AndroidManifest.xml:7:64-88
21
22    <!-- Hardware Permissions -->
23    <uses-feature
23-->src/main/AndroidManifest.xml:10:5-85
24        android:name="android.hardware.camera"
24-->src/main/AndroidManifest.xml:10:19-57
25        android:required="false" />
25-->src/main/AndroidManifest.xml:10:58-82
26    <uses-feature
26-->src/main/AndroidManifest.xml:11:5-95
27        android:name="android.hardware.camera.autofocus"
27-->src/main/AndroidManifest.xml:11:19-67
28        android:required="false" />
28-->src/main/AndroidManifest.xml:11:68-92
29    <uses-feature
29-->src/main/AndroidManifest.xml:12:5-87
30        android:name="android.hardware.location"
30-->src/main/AndroidManifest.xml:12:19-59
31        android:required="false" />
31-->src/main/AndroidManifest.xml:12:60-84
32
33    <!-- Runtime Permissions -->
34    <uses-permission android:name="android.permission.CAMERA" />
34-->src/main/AndroidManifest.xml:15:5-65
34-->src/main/AndroidManifest.xml:15:22-62
35    <uses-permission android:name="android.permission.RECORD_AUDIO" />
35-->src/main/AndroidManifest.xml:16:5-71
35-->src/main/AndroidManifest.xml:16:22-68
36    <uses-permission android:name="android.permission.ACCESS_COARSE_LOCATION" />
36-->src/main/AndroidManifest.xml:17:5-81
36-->src/main/AndroidManifest.xml:17:22-78
37    <uses-permission android:name="android.permission.ACCESS_FINE_LOCATION" />
37-->src/main/AndroidManifest.xml:18:5-79
37-->src/main/AndroidManifest.xml:18:22-76
38    <uses-permission android:name="android.permission.FOREGROUND_SERVICE" />
38-->src/main/AndroidManifest.xml:19:5-77
38-->src/main/AndroidManifest.xml:19:22-74
39    <uses-permission android:name="android.permission.POST_NOTIFICATIONS" />
39-->src/main/AndroidManifest.xml:20:5-77
39-->src/main/AndroidManifest.xml:20:22-74
40
41    <permission
41-->[androidx.core:core:1.13.1] AndroidManifest.xml:22:5-24:47
42        android:name="com.armyknife.tools.DYNAMIC_RECEIVER_NOT_EXPORTED_PERMISSION"
42-->[androidx.core:core:1.13.1] AndroidManifest.xml:23:9-81
43        android:protectionLevel="signature" />
43-->[androidx.core:core:1.13.1] AndroidManifest.xml:24:9-44
44
45    <uses-permission android:name="com.armyknife.tools.DYNAMIC_RECEIVER_NOT_EXPORTED_PERMISSION" />
45-->[androidx.core:core:1.13.1] AndroidManifest.xml:26:5-97
45-->[androidx.core:core:1.13.1] AndroidManifest.xml:26:22-94
46
47    <application
47-->src/main/AndroidManifest.xml:22:5-39:19
48        android:allowBackup="true"
48-->src/main/AndroidManifest.xml:23:9-35
49        android:appComponentFactory="androidx.core.app.CoreComponentFactory"
49-->[androidx.core:core:1.13.1] AndroidManifest.xml:28:18-86
50        android:debuggable="true"
51        android:extractNativeLibs="false"
52        android:icon="@mipmap/ic_launcher"
52-->src/main/AndroidManifest.xml:24:9-43
53        android:label="Armyknife Tools"
53-->src/main/AndroidManifest.xml:25:9-40
54        android:roundIcon="@mipmap/ic_launcher"
54-->src/main/AndroidManifest.xml:26:9-48
55        android:supportsRtl="true"
55-->src/main/AndroidManifest.xml:28:9-35
56        android:theme="@style/Theme.ArmyknifeTools" >
56-->src/main/AndroidManifest.xml:27:9-52
57        <activity
57-->src/main/AndroidManifest.xml:30:9-38:20
58            android:name="com.armyknife.tools.MainActivity"
58-->src/main/AndroidManifest.xml:31:13-41
59            android:exported="true"
59-->src/main/AndroidManifest.xml:32:13-36
60            android:theme="@style/Theme.ArmyknifeTools" >
60-->src/main/AndroidManifest.xml:33:13-56
61            <intent-filter>
61-->src/main/AndroidManifest.xml:34:13-37:29
62                <action android:name="android.intent.action.MAIN" />
62-->src/main/AndroidManifest.xml:35:17-69
62-->src/main/AndroidManifest.xml:35:25-66
63
64                <category android:name="android.intent.category.LAUNCHER" />
64-->src/main/AndroidManifest.xml:36:17-77
64-->src/main/AndroidManifest.xml:36:27-74
65            </intent-filter>
66        </activity>
67
68        <service
68-->[androidx.camera:camera-camera2:1.3.4] AndroidManifest.xml:24:9-33:19
69            android:name="androidx.camera.core.impl.MetadataHolderService"
69-->[androidx.camera:camera-camera2:1.3.4] AndroidManifest.xml:25:13-75
70            android:enabled="false"
70-->[androidx.camera:camera-camera2:1.3.4] AndroidManifest.xml:26:13-36
71            android:exported="false" >
71-->[androidx.camera:camera-camera2:1.3.4] AndroidManifest.xml:27:13-37
72            <meta-data
72-->[androidx.camera:camera-camera2:1.3.4] AndroidManifest.xml:30:13-32:89
73                android:name="androidx.camera.core.impl.MetadataHolderService.DEFAULT_CONFIG_PROVIDER"
73-->[androidx.camera:camera-camera2:1.3.4] AndroidManifest.xml:31:17-103
74                android:value="androidx.camera.camera2.Camera2Config$DefaultProvider" />
74-->[androidx.camera:camera-camera2:1.3.4] AndroidManifest.xml:32:17-86
75        </service>
76
77        <activity
77-->[androidx.compose.ui:ui-test-manifest:1.7.0] AndroidManifest.xml:23:9-25:39
78            android:name="androidx.activity.ComponentActivity"
78-->[androidx.compose.ui:ui-test-manifest:1.7.0] AndroidManifest.xml:24:13-63
79            android:exported="true" />
79-->[androidx.compose.ui:ui-test-manifest:1.7.0] AndroidManifest.xml:25:13-36
80        <activity
80-->[androidx.compose.ui:ui-tooling-android:1.7.0] AndroidManifest.xml:23:9-25:39
81            android:name="androidx.compose.ui.tooling.PreviewActivity"
81-->[androidx.compose.ui:ui-tooling-android:1.7.0] AndroidManifest.xml:24:13-71
82            android:exported="true" />
82-->[androidx.compose.ui:ui-tooling-android:1.7.0] AndroidManifest.xml:25:13-36
83
84        <provider
84-->[androidx.emoji2:emoji2:1.3.0] AndroidManifest.xml:24:9-32:20
85            android:name="androidx.startup.InitializationProvider"
85-->[androidx.emoji2:emoji2:1.3.0] AndroidManifest.xml:25:13-67
86            android:authorities="com.armyknife.tools.androidx-startup"
86-->[androidx.emoji2:emoji2:1.3.0] AndroidManifest.xml:26:13-68
87            android:exported="false" >
87-->[androidx.emoji2:emoji2:1.3.0] AndroidManifest.xml:27:13-37
88            <meta-data
88-->[androidx.emoji2:emoji2:1.3.0] AndroidManifest.xml:29:13-31:52
89                android:name="androidx.emoji2.text.EmojiCompatInitializer"
89-->[androidx.emoji2:emoji2:1.3.0] AndroidManifest.xml:30:17-75
90                android:value="androidx.startup" />
90-->[androidx.emoji2:emoji2:1.3.0] AndroidManifest.xml:31:17-49
91            <meta-data
91-->[androidx.lifecycle:lifecycle-process:2.8.4] AndroidManifest.xml:29:13-31:52
92                android:name="androidx.lifecycle.ProcessLifecycleInitializer"
92-->[androidx.lifecycle:lifecycle-process:2.8.4] AndroidManifest.xml:30:17-78
93                android:value="androidx.startup" />
93-->[androidx.lifecycle:lifecycle-process:2.8.4] AndroidManifest.xml:31:17-49
94            <meta-data
94-->[androidx.profileinstaller:profileinstaller:1.3.1] AndroidManifest.xml:29:13-31:52
95                android:name="androidx.profileinstaller.ProfileInstallerInitializer"
95-->[androidx.profileinstaller:profileinstaller:1.3.1] AndroidManifest.xml:30:17-85
96                android:value="androidx.startup" />
96-->[androidx.profileinstaller:profileinstaller:1.3.1] AndroidManifest.xml:31:17-49
97        </provider>
98
99        <receiver
99-->[androidx.profileinstaller:profileinstaller:1.3.1] AndroidManifest.xml:34:9-52:20
100            android:name="androidx.profileinstaller.ProfileInstallReceiver"
100-->[androidx.profileinstaller:profileinstaller:1.3.1] AndroidManifest.xml:35:13-76
101            android:directBootAware="false"
101-->[androidx.profileinstaller:profileinstaller:1.3.1] AndroidManifest.xml:36:13-44
102            android:enabled="true"
102-->[androidx.profileinstaller:profileinstaller:1.3.1] AndroidManifest.xml:37:13-35
103            android:exported="true"
103-->[androidx.profileinstaller:profileinstaller:1.3.1] AndroidManifest.xml:38:13-36
104            android:permission="android.permission.DUMP" >
104-->[androidx.profileinstaller:profileinstaller:1.3.1] AndroidManifest.xml:39:13-57
105            <intent-filter>
105-->[androidx.profileinstaller:profileinstaller:1.3.1] AndroidManifest.xml:40:13-42:29
106                <action android:name="androidx.profileinstaller.action.INSTALL_PROFILE" />
106-->[androidx.profileinstaller:profileinstaller:1.3.1] AndroidManifest.xml:41:17-91
106-->[androidx.profileinstaller:profileinstaller:1.3.1] AndroidManifest.xml:41:25-88
107            </intent-filter>
108            <intent-filter>
108-->[androidx.profileinstaller:profileinstaller:1.3.1] AndroidManifest.xml:43:13-45:29
109                <action android:name="androidx.profileinstaller.action.SKIP_FILE" />
109-->[androidx.profileinstaller:profileinstaller:1.3.1] AndroidManifest.xml:44:17-85
109-->[androidx.profileinstaller:profileinstaller:1.3.1] AndroidManifest.xml:44:25-82
110            </intent-filter>
111            <intent-filter>
111-->[androidx.profileinstaller:profileinstaller:1.3.1] AndroidManifest.xml:46:13-48:29
112                <action android:name="androidx.profileinstaller.action.SAVE_PROFILE" />
112-->[androidx.profileinstaller:profileinstaller:1.3.1] AndroidManifest.xml:47:17-88
112-->[androidx.profileinstaller:profileinstaller:1.3.1] AndroidManifest.xml:47:25-85
113            </intent-filter>
114            <intent-filter>
114-->[androidx.profileinstaller:profileinstaller:1.3.1] AndroidManifest.xml:49:13-51:29
115                <action android:name="androidx.profileinstaller.action.BENCHMARK_OPERATION" />
115-->[androidx.profileinstaller:profileinstaller:1.3.1] AndroidManifest.xml:50:17-95
115-->[androidx.profileinstaller:profileinstaller:1.3.1] AndroidManifest.xml:50:25-92
116            </intent-filter>
117        </receiver>
118    </application>
119
120</manifest>